e:\c++\pdl\librayforjavapdl\librayforjavapdl\librayforjava\debug\librayforjavapdl.pch
e:\c++\pdl\librayforjavapdl\librayforjavapdl\librayforjava\debug\vc141.pdb
e:\c++\pdl\librayforjavapdl\librayforjavapdl\librayforjava\debug\stdafx.obj
e:\c++\pdl\librayforjavapdl\librayforjavapdl\librayforjava\debug\librayforjavapdl.obj
e:\c++\pdl\librayforjavapdl\librayforjavapdl\librayforjava\debug\ch.obj
e:\c++\pdl\librayforjavapdl\librayforjavapdl\librayforjava\debug\assemblyinfo.obj
e:\c++\pdl\librayforjavapdl\librayforjavapdl\librayforjava\debug\.netframework,version=v4.5.assemblyattributes.obj
e:\c++\pdl\librayforjavapdl\librayforjavapdl\librayforjava\debug\.netframework,version=v4.5.assemblyattributes.asm
e:\c++\pdl\librayforjavapdl\librayforjavapdl\debug\instrumentdll.dll
e:\c++\pdl\librayforjavapdl\librayforjavapdl\debug\stsprocess.dll
e:\c++\pdl\librayforjavapdl\librayforjavapdl\debug\nationalinstruments.visans.dll
e:\c++\pdl\librayforjavapdl\librayforjavapdl\debug\nationalinstruments.ni4882.dll
e:\c++\pdl\librayforjavapdl\librayforjavapdl\debug\nationalinstruments.mstudioclm.dll
e:\c++\pdl\librayforjavapdl\librayforjavapdl\debug\instrumentdll.xml
e:\c++\pdl\librayforjavapdl\librayforjavapdl\debug\nationalinstruments.visans.xml
e:\c++\pdl\librayforjavapdl\librayforjavapdl\debug\nationalinstruments.ni4882.xml
e:\c++\pdl\librayforjavapdl\librayforjavapdl\debug\librayforjavapdl.lib
e:\c++\pdl\librayforjavapdl\librayforjavapdl\debug\librayforjavapdl.exp
e:\c++\pdl\librayforjavapdl\librayforjavapdl\debug\librayforjavapdl.dll
e:\c++\pdl\librayforjavapdl\librayforjavapdl\debug\librayforjavapdl.pdb
e:\c++\pdl\librayforjavapdl\librayforjavapdl\librayforjava\debug\librayforjavapdl.tlog\metagen.write.1.tlog
e:\c++\pdl\librayforjavapdl\librayforjavapdl\librayforjava\debug\app.res
e:\c++\pdl\librayforjavapdl\librayforjavapdl\librayforjava\debug\librayforjavapdl.tlog\cl.command.1.tlog
e:\c++\pdl\librayforjavapdl\librayforjavapdl\librayforjava\debug\librayforjavapdl.tlog\cl.read.1.tlog
e:\c++\pdl\librayforjavapdl\librayforjavapdl\librayforjava\debug\librayforjavapdl.tlog\cl.write.1.tlog
e:\c++\pdl\librayforjavapdl\librayforjavapdl\librayforjava\debug\librayforjavapdl.tlog\librayforjavapdl.write.1u.tlog
e:\c++\pdl\librayforjavapdl\librayforjavapdl\librayforjava\debug\librayforjavapdl.tlog\link.command.1.tlog
e:\c++\pdl\librayforjavapdl\librayforjavapdl\librayforjava\debug\librayforjavapdl.tlog\link.read.1.tlog
e:\c++\pdl\librayforjavapdl\librayforjavapdl\librayforjava\debug\librayforjavapdl.tlog\link.write.1.tlog
e:\c++\pdl\librayforjavapdl\librayforjavapdl\librayforjava\debug\librayforjavapdl.tlog\metagen.read.1.tlog
e:\c++\pdl\librayforjavapdl\librayforjavapdl\librayforjava\debug\librayforjavapdl.tlog\rc.command.1.tlog
e:\c++\pdl\librayforjavapdl\librayforjavapdl\librayforjava\debug\librayforjavapdl.tlog\rc.read.1.tlog
e:\c++\pdl\librayforjavapdl\librayforjavapdl\librayforjava\debug\librayforjavapdl.tlog\rc.write.1.tlog
e:\c++\pdl\librayforjavapdl\librayforjavapdl\librayforjava\debug\librayforjavapdl.tlog\instrumentdll.dll.metagen
e:\c++\pdl\librayforjavapdl\librayforjavapdl\librayforjava\debug\librayforjavapdl.tlog\stsprocess.dll.metagen
