d:\test\pdlsts\ver1.0.2\pdlsts_sample_1.2.0_20220310\librayformfcpdl\librayformfcpdl\debug\librayformfcpdl.pch
d:\test\pdlsts\ver1.0.2\pdlsts_sample_1.2.0_20220310\librayformfcpdl\librayformfcpdl\debug\vc141.pdb
d:\test\pdlsts\ver1.0.2\pdlsts_sample_1.2.0_20220310\librayformfcpdl\librayformfcpdl\debug\stdafx.obj
d:\test\pdlsts\ver1.0.2\pdlsts_sample_1.2.0_20220310\librayformfcpdl\librayformfcpdl\debug\librayformfcpdl.obj
d:\test\pdlsts\ver1.0.2\pdlsts_sample_1.2.0_20220310\librayformfcpdl\librayformfcpdl\debug\assemblyinfo.obj
d:\test\pdlsts\ver1.0.2\pdlsts_sample_1.2.0_20220310\librayformfcpdl\librayformfcpdl\debug\.netframework,version=v4.5.2.assemblyattributes.obj
d:\test\pdlsts\ver1.0.2\pdlsts_sample_1.2.0_20220310\librayformfcpdl\librayformfcpdl\debug\.netframework,version=v4.5.2.assemblyattributes.asm
d:\test\pdlsts\ver1.0.2\pdlsts_sample_1.2.0_20220310\librayformfcpdl\debug\instrumentdll.dll
d:\test\pdlsts\ver1.0.2\pdlsts_sample_1.2.0_20220310\librayformfcpdl\debug\stsprocess.dll
d:\test\pdlsts\ver1.0.2\pdlsts_sample_1.2.0_20220310\librayformfcpdl\debug\nationalinstruments.daqmx.dll
d:\test\pdlsts\ver1.0.2\pdlsts_sample_1.2.0_20220310\librayformfcpdl\debug\ftd2xx_net.dll
d:\test\pdlsts\ver1.0.2\pdlsts_sample_1.2.0_20220310\librayformfcpdl\debug\nationalinstruments.visans.dll
d:\test\pdlsts\ver1.0.2\pdlsts_sample_1.2.0_20220310\librayformfcpdl\debug\ivi.visa.dll
d:\test\pdlsts\ver1.0.2\pdlsts_sample_1.2.0_20220310\librayformfcpdl\debug\nationalinstruments.ni4882.dll
d:\test\pdlsts\ver1.0.2\pdlsts_sample_1.2.0_20220310\librayformfcpdl\debug\keysight.visa.dll
d:\test\pdlsts\ver1.0.2\pdlsts_sample_1.2.0_20220310\librayformfcpdl\debug\nationalinstruments.common.dll
d:\test\pdlsts\ver1.0.2\pdlsts_sample_1.2.0_20220310\librayformfcpdl\debug\nationalinstruments.nilmclientdll.dll
d:\test\pdlsts\ver1.0.2\pdlsts_sample_1.2.0_20220310\librayformfcpdl\debug\nationalinstruments.mstudioclm.dll
d:\test\pdlsts\ver1.0.2\pdlsts_sample_1.2.0_20220310\librayformfcpdl\debug\instrumentdll.xml
d:\test\pdlsts\ver1.0.2\pdlsts_sample_1.2.0_20220310\librayformfcpdl\debug\nationalinstruments.daqmx.xml
d:\test\pdlsts\ver1.0.2\pdlsts_sample_1.2.0_20220310\librayformfcpdl\debug\nationalinstruments.visans.xml
d:\test\pdlsts\ver1.0.2\pdlsts_sample_1.2.0_20220310\librayformfcpdl\debug\ivi.visa.xml
d:\test\pdlsts\ver1.0.2\pdlsts_sample_1.2.0_20220310\librayformfcpdl\debug\nationalinstruments.ni4882.xml
d:\test\pdlsts\ver1.0.2\pdlsts_sample_1.2.0_20220310\librayformfcpdl\debug\keysight.visa.xml
d:\test\pdlsts\ver1.0.2\pdlsts_sample_1.2.0_20220310\librayformfcpdl\debug\nationalinstruments.common.xml
d:\test\pdlsts\ver1.0.2\pdlsts_sample_1.2.0_20220310\librayformfcpdl\debug\librayformfcpdl.lib
d:\test\pdlsts\ver1.0.2\pdlsts_sample_1.2.0_20220310\librayformfcpdl\debug\librayformfcpdl.exp
d:\test\pdlsts\ver1.0.2\pdlsts_sample_1.2.0_20220310\librayformfcpdl\debug\librayformfcpdl.dll
d:\test\pdlsts\ver1.0.2\pdlsts_sample_1.2.0_20220310\librayformfcpdl\debug\librayformfcpdl.pdb
d:\test\pdlsts\ver1.0.2\pdlsts_sample_1.2.0_20220310\librayformfcpdl\librayformfcpdl\debug\librayformfcpdl.tlog\metagen.write.1.tlog
d:\test\pdlsts\ver1.0.2\pdlsts_sample_1.2.0_20220310\librayformfcpdl\librayformfcpdl\debug\app.res
d:\test\pdlsts\pdl sts sample\pdlsts_sample_1.2.2_20220922\librayformfcpdl\librayformfcpdl\debug\librayformfcpdl.vcxprojassemblyreference.cache
d:\test\pdlsts\pdl sts sample\pdlsts_sample_1.2.2_20220922\librayformfcpdl\librayformfcpdl\debug\.netframework,version=v4.5.2.assemblyattributes.obj
d:\test\pdlsts\pdl sts sample\pdlsts_sample_1.2.2_20220922\librayformfcpdl\librayformfcpdl\debug\assemblyinfo.obj
d:\test\pdlsts\pdl sts sample\pdlsts_sample_1.2.2_20220922\librayformfcpdl\librayformfcpdl\debug\librayformfcpdl.obj
d:\test\pdlsts\pdl sts sample\pdlsts_sample_1.2.2_20220922\librayformfcpdl\librayformfcpdl\debug\stdafx.obj
d:\test\pdlsts\pdl sts sample\pdlsts_sample_1.2.2_20220922\librayformfcpdl\librayformfcpdl\debug\app.res
d:\test\pdlsts\pdl sts sample\pdlsts_sample_1.2.2_20220922\librayformfcpdl\librayformfcpdl\debug\librayformfcpdl.pch
d:\test\pdlsts\pdl sts sample\pdlsts_sample_1.2.2_20220922\librayformfcpdl\librayformfcpdl\debug\vc141.pdb
d:\test\pdlsts\pdl sts sample\pdlsts_sample_1.2.2_20220922\librayformfcpdl\debug\librayformfcpdl.pdb
d:\test\pdlsts\pdl sts sample\pdlsts_sample_1.2.2_20220922\librayformfcpdl\debug\librayformfcpdl.dll
d:\test\pdlsts\pdl sts sample\pdlsts_sample_1.2.2_20220922\librayformfcpdl\librayformfcpdl\debug\librayformfcpdl.tlog\cl.command.1.tlog
d:\test\pdlsts\pdl sts sample\pdlsts_sample_1.2.2_20220922\librayformfcpdl\librayformfcpdl\debug\librayformfcpdl.tlog\cl.read.1.tlog
d:\test\pdlsts\pdl sts sample\pdlsts_sample_1.2.2_20220922\librayformfcpdl\librayformfcpdl\debug\librayformfcpdl.tlog\cl.write.1.tlog
d:\test\pdlsts\pdl sts sample\pdlsts_sample_1.2.2_20220922\librayformfcpdl\librayformfcpdl\debug\librayformfcpdl.tlog\librayformfcpdl.write.1u.tlog
d:\test\pdlsts\pdl sts sample\pdlsts_sample_1.2.2_20220922\librayformfcpdl\librayformfcpdl\debug\librayformfcpdl.tlog\link.command.1.tlog
d:\test\pdlsts\pdl sts sample\pdlsts_sample_1.2.2_20220922\librayformfcpdl\librayformfcpdl\debug\librayformfcpdl.tlog\link.read.1.tlog
d:\test\pdlsts\pdl sts sample\pdlsts_sample_1.2.2_20220922\librayformfcpdl\librayformfcpdl\debug\librayformfcpdl.tlog\link.write.1.tlog
d:\test\pdlsts\pdl sts sample\pdlsts_sample_1.2.2_20220922\librayformfcpdl\librayformfcpdl\debug\librayformfcpdl.tlog\metagen.read.1.tlog
d:\test\pdlsts\pdl sts sample\pdlsts_sample_1.2.2_20220922\librayformfcpdl\librayformfcpdl\debug\librayformfcpdl.tlog\metagen.write.1.tlog
d:\test\pdlsts\pdl sts sample\pdlsts_sample_1.2.2_20220922\librayformfcpdl\librayformfcpdl\debug\librayformfcpdl.tlog\rc.command.1.tlog
d:\test\pdlsts\pdl sts sample\pdlsts_sample_1.2.2_20220922\librayformfcpdl\librayformfcpdl\debug\librayformfcpdl.tlog\rc.read.1.tlog
d:\test\pdlsts\pdl sts sample\pdlsts_sample_1.2.2_20220922\librayformfcpdl\librayformfcpdl\debug\librayformfcpdl.tlog\rc.write.1.tlog
d:\test\pdlsts\pdl sts sample\pdlsts_sample_1.2.2_20220922\librayformfcpdl\librayformfcpdl\debug\librayformfcpdl.tlog\instrumentdll.dll.metagen
d:\test\pdlsts\pdl sts sample\pdlsts_sample_1.2.2_20220922\librayformfcpdl\librayformfcpdl\debug\librayformfcpdl.tlog\stsprocess.dll.metagen
