d:\test\pdlsts\pdl sts sample\pdlsts_sample_1.2.2_20220922\pdlsts_sample_cpp\debug\vc140.pdb
d:\test\pdlsts\pdl sts sample\pdlsts_sample_1.2.2_20220922\pdlsts_sample_cpp\debug\instrument_setting.obj
d:\test\pdlsts\pdl sts sample\pdlsts_sample_1.2.2_20220922\pdlsts_sample_cpp\debug\form1.obj
d:\test\pdlsts\pdl sts sample\pdlsts_sample_1.2.2_20220922\pdlsts_sample_cpp\debug\.netframework,version=v4.5.2.assemblyattributes.obj
d:\test\pdlsts\pdl sts sample\pdlsts_sample_1.2.2_20220922\pdlsts_sample_cpp\debug\.netframework,version=v4.5.2.assemblyattributes.asm
d:\test\pdlsts\pdl sts sample\pdlsts_sample_1.2.2_20220922\debug\pdlsts_sample_cpp.exe
d:\test\pdlsts\pdl sts sample\pdlsts_sample_1.2.2_20220922\debug\pdlsts_sample_cpp.pdb
d:\test\pdlsts\pdl sts sample\pdlsts_sample_1.2.2_20220922\pdlsts_sample_cpp\debug\pdlsts_s.9696b190.tlog\metagen.write.1.tlog
d:\test\pdlsts\pdl sts sample\pdlsts_sample_1.2.2_20220922\debug\instrumentdll.dll
d:\test\pdlsts\pdl sts sample\pdlsts_sample_1.2.2_20220922\debug\stsprocess.dll
d:\test\pdlsts\pdl sts sample\pdlsts_sample_1.2.2_20220922\debug\nationalinstruments.daqmx.dll
d:\test\pdlsts\pdl sts sample\pdlsts_sample_1.2.2_20220922\debug\ftd2xx_net.dll
d:\test\pdlsts\pdl sts sample\pdlsts_sample_1.2.2_20220922\debug\ivi.visa.dll
d:\test\pdlsts\pdl sts sample\pdlsts_sample_1.2.2_20220922\debug\nationalinstruments.ni4882.dll
d:\test\pdlsts\pdl sts sample\pdlsts_sample_1.2.2_20220922\debug\nationalinstruments.visans.dll
d:\test\pdlsts\pdl sts sample\pdlsts_sample_1.2.2_20220922\debug\keysight.visa.dll
d:\test\pdlsts\pdl sts sample\pdlsts_sample_1.2.2_20220922\debug\nationalinstruments.common.dll
d:\test\pdlsts\pdl sts sample\pdlsts_sample_1.2.2_20220922\debug\nationalinstruments.nilmclientdll.dll
d:\test\pdlsts\pdl sts sample\pdlsts_sample_1.2.2_20220922\debug\nationalinstruments.mstudioclm.dll
d:\test\pdlsts\pdl sts sample\pdlsts_sample_1.2.2_20220922\debug\instrumentdll.pdb
d:\test\pdlsts\pdl sts sample\pdlsts_sample_1.2.2_20220922\debug\instrumentdll.xml
d:\test\pdlsts\pdl sts sample\pdlsts_sample_1.2.2_20220922\debug\stsprocess.xml
d:\test\pdlsts\pdl sts sample\pdlsts_sample_1.2.2_20220922\debug\nationalinstruments.daqmx.xml
d:\test\pdlsts\pdl sts sample\pdlsts_sample_1.2.2_20220922\debug\ivi.visa.xml
d:\test\pdlsts\pdl sts sample\pdlsts_sample_1.2.2_20220922\debug\nationalinstruments.ni4882.xml
d:\test\pdlsts\pdl sts sample\pdlsts_sample_1.2.2_20220922\debug\nationalinstruments.visans.xml
d:\test\pdlsts\pdl sts sample\pdlsts_sample_1.2.2_20220922\debug\keysight.visa.xml
d:\test\pdlsts\pdl sts sample\pdlsts_sample_1.2.2_20220922\debug\nationalinstruments.common.xml
d:\test\pdlsts\pdl sts sample\pdlsts_sample_1.2.2_20220922\pdlsts_sample_cpp\debug\pdlsts_sample_cpp.form1.resources
d:\test\pdlsts\pdl sts sample\pdlsts_sample_1.2.2_20220922\pdlsts_sample_cpp\debug\pdlsts_sample_cpp.instrument_setting.resources
d:\test\pdlsts\pdl sts sample\pdlsts_sample_1.2.2_20220922\pdlsts_sample_cpp\debug\pdlsts_sample_cpp.res
d:\test\pdlsts\pdl sts sample\pdlsts_sample_1.2.2_20220922\pdlsts_sample_cpp\debug\pdlsts_sample_cpp.vcxproj.generateresource.cache
d:\test\pdlsts\pdl sts sample\pdlsts_sample_1.2.2_20220922\pdlsts_sample_cpp\debug\pdlsts_sample_cpp.vcxprojresolveassemblyreference.cache
d:\test\pdlsts\pdl sts sample\pdlsts_sample_1.2.2_20220922\pdlsts_sample_cpp\debug\pdlsts_s.9696b190.tlog\cl.command.1.tlog
d:\test\pdlsts\pdl sts sample\pdlsts_sample_1.2.2_20220922\pdlsts_sample_cpp\debug\pdlsts_s.9696b190.tlog\cl.read.1.tlog
d:\test\pdlsts\pdl sts sample\pdlsts_sample_1.2.2_20220922\pdlsts_sample_cpp\debug\pdlsts_s.9696b190.tlog\cl.write.1.tlog
d:\test\pdlsts\pdl sts sample\pdlsts_sample_1.2.2_20220922\pdlsts_sample_cpp\debug\pdlsts_s.9696b190.tlog\link.command.1.tlog
d:\test\pdlsts\pdl sts sample\pdlsts_sample_1.2.2_20220922\pdlsts_sample_cpp\debug\pdlsts_s.9696b190.tlog\link.read.1.tlog
d:\test\pdlsts\pdl sts sample\pdlsts_sample_1.2.2_20220922\pdlsts_sample_cpp\debug\pdlsts_s.9696b190.tlog\link.write.1.tlog
d:\test\pdlsts\pdl sts sample\pdlsts_sample_1.2.2_20220922\pdlsts_sample_cpp\debug\pdlsts_s.9696b190.tlog\metagen.read.1.tlog
d:\test\pdlsts\pdl sts sample\pdlsts_sample_1.2.2_20220922\pdlsts_sample_cpp\debug\pdlsts_s.9696b190.tlog\pdlsts_sample_cpp.write.1u.tlog
d:\test\pdlsts\pdl sts sample\pdlsts_sample_1.2.2_20220922\pdlsts_sample_cpp\debug\pdlsts_s.9696b190.tlog\rc.command.1.tlog
d:\test\pdlsts\pdl sts sample\pdlsts_sample_1.2.2_20220922\pdlsts_sample_cpp\debug\pdlsts_s.9696b190.tlog\rc.read.1.tlog
d:\test\pdlsts\pdl sts sample\pdlsts_sample_1.2.2_20220922\pdlsts_sample_cpp\debug\pdlsts_s.9696b190.tlog\rc.write.1.tlog
d:\test\pdlsts\pdl sts sample\pdlsts_sample_1.2.2_20220922\pdlsts_sample_cpp\debug\pdlsts_s.9696b190.tlog\instrumentdll.dll.metagen
d:\test\pdlsts\pdl sts sample\pdlsts_sample_1.2.2_20220922\pdlsts_sample_cpp\debug\pdlsts_s.9696b190.tlog\stsprocess.dll.metagen
d:\test\pdlsts\pdl sts sample\pdlsts_sample_1.2.2_20220922\pdlsts_sample_cpp\debug\pdlsts_s.9696b190.tlog\tzres.dll.bi
