d:\test\pdlsts\pdl sts sample\pdlsts_sample_1.2.2_20220922\pdlsts_sample_mfc\debug\pdlsts_sample_mfc.pch
d:\test\pdlsts\pdl sts sample\pdlsts_sample_1.2.2_20220922\pdlsts_sample_mfc\debug\vc140.pdb
d:\test\pdlsts\pdl sts sample\pdlsts_sample_1.2.2_20220922\pdlsts_sample_mfc\debug\stdafx.obj
d:\test\pdlsts\pdl sts sample\pdlsts_sample_1.2.2_20220922\pdlsts_sample_mfc\debug\pdlsts_sample_mfcdlg.obj
d:\test\pdlsts\pdl sts sample\pdlsts_sample_1.2.2_20220922\pdlsts_sample_mfc\debug\pdlsts_sample_mfc.obj
d:\test\pdlsts\pdl sts sample\pdlsts_sample_1.2.2_20220922\pdlsts_sample_mfc\debug\form2.obj
d:\test\pdlsts\pdl sts sample\pdlsts_sample_1.2.2_20220922\pdlsts_sample_mfc\debug\.netframework,version=v4.0.assemblyattributes.obj
d:\test\pdlsts\pdl sts sample\pdlsts_sample_1.2.2_20220922\pdlsts_sample_mfc\debug\.netframework,version=v4.0.assemblyattributes.asm
d:\test\pdlsts\pdl sts sample\pdlsts_sample_1.2.2_20220922\mfc_debug\pdlsts_sample_mfc.exe
d:\test\pdlsts\pdl sts sample\pdlsts_sample_1.2.2_20220922\mfc_debug\pdlsts_sample_mfc.pdb
d:\test\pdlsts\pdl sts sample\pdlsts_sample_1.2.2_20220922\pdlsts_sample_mfc\debug\pdlsts_sample_mfc.res
d:\test\pdlsts\pdl sts sample\pdlsts_sample_1.2.2_20220922\pdlsts_sample_mfc\debug\pdlsts_sample_mfc.vcxprojresolveassemblyreference.cache
d:\test\pdlsts\pdl sts sample\pdlsts_sample_1.2.2_20220922\\mfc_debug\pdlsts_sample_mfc.pdb
d:\test\pdlsts\pdl sts sample\pdlsts_sample_1.2.2_20220922\\mfc_debug\pdlsts_sample_mfc.exe
d:\test\pdlsts\pdl sts sample\pdlsts_sample_1.2.2_20220922\pdlsts_sample_mfc\debug\pdlsts_s.b2a5a438.tlog\cl.command.1.tlog
d:\test\pdlsts\pdl sts sample\pdlsts_sample_1.2.2_20220922\pdlsts_sample_mfc\debug\pdlsts_s.b2a5a438.tlog\cl.read.1.tlog
d:\test\pdlsts\pdl sts sample\pdlsts_sample_1.2.2_20220922\pdlsts_sample_mfc\debug\pdlsts_s.b2a5a438.tlog\cl.write.1.tlog
d:\test\pdlsts\pdl sts sample\pdlsts_sample_1.2.2_20220922\pdlsts_sample_mfc\debug\pdlsts_s.b2a5a438.tlog\link.command.1.tlog
d:\test\pdlsts\pdl sts sample\pdlsts_sample_1.2.2_20220922\pdlsts_sample_mfc\debug\pdlsts_s.b2a5a438.tlog\link.read.1.tlog
d:\test\pdlsts\pdl sts sample\pdlsts_sample_1.2.2_20220922\pdlsts_sample_mfc\debug\pdlsts_s.b2a5a438.tlog\link.write.1.tlog
d:\test\pdlsts\pdl sts sample\pdlsts_sample_1.2.2_20220922\pdlsts_sample_mfc\debug\pdlsts_s.b2a5a438.tlog\metagen.read.1.tlog
d:\test\pdlsts\pdl sts sample\pdlsts_sample_1.2.2_20220922\pdlsts_sample_mfc\debug\pdlsts_s.b2a5a438.tlog\metagen.write.1.tlog
d:\test\pdlsts\pdl sts sample\pdlsts_sample_1.2.2_20220922\pdlsts_sample_mfc\debug\pdlsts_s.b2a5a438.tlog\rc.command.1.tlog
d:\test\pdlsts\pdl sts sample\pdlsts_sample_1.2.2_20220922\pdlsts_sample_mfc\debug\pdlsts_s.b2a5a438.tlog\rc.read.1.tlog
d:\test\pdlsts\pdl sts sample\pdlsts_sample_1.2.2_20220922\pdlsts_sample_mfc\debug\pdlsts_s.b2a5a438.tlog\rc.write.1.tlog
d:\test\pdlsts\pdl sts sample\pdlsts_sample_1.2.2_20220922\pdlsts_sample_mfc\debug\pdlsts_s.b2a5a438.tlog\tzres.dll.bi
