e:\c++\pdl\librayforjavapdl\librayforjavapdl\librayforjava\x64\debug\librayforjavapdl.pch
e:\c++\pdl\librayforjavapdl\librayforjavapdl\librayforjava\x64\debug\vc141.pdb
e:\c++\pdl\librayforjavapdl\librayforjavapdl\librayforjava\x64\debug\stdafx.obj
e:\c++\pdl\librayforjavapdl\librayforjavapdl\librayforjava\x64\debug\librayforjavapdl.obj
e:\c++\pdl\librayforjavapdl\librayforjavapdl\librayforjava\x64\debug\ch.obj
e:\c++\pdl\librayforjavapdl\librayforjavapdl\librayforjava\x64\debug\assemblyinfo.obj
e:\c++\pdl\librayforjavapdl\librayforjavapdl\librayforjava\x64\debug\.netframework,version=v4.5.assemblyattributes.obj
e:\c++\pdl\librayforjavapdl\librayforjavapdl\librayforjava\x64\debug\.netframework,version=v4.5.assemblyattributes.asm
e:\c++\pdl\librayforjavapdl\librayforjavapdl\x64\debug\stsprocess.dll
e:\c++\pdl\librayforjavapdl\librayforjavapdl\x64\debug\stsprocess.pdb
e:\c++\pdl\librayforjavapdl\librayforjavapdl\x64\debug\stsprocess.xml
e:\c++\pdl\librayforjavapdl\librayforjavapdl\x64\debug\librayforjavapdl.lib
e:\c++\pdl\librayforjavapdl\librayforjavapdl\x64\debug\librayforjavapdl.exp
e:\c++\pdl\librayforjavapdl\librayforjavapdl\x64\debug\librayforjavapdl.dll
e:\c++\pdl\librayforjavapdl\librayforjavapdl\x64\debug\librayforjavapdl.pdb
e:\c++\pdl\librayforjavapdl\librayforjavapdl\librayforjava\x64\debug\librayforjavapdl.tlog\metagen.write.1.tlog
e:\c++\pdl\librayforjavapdl\librayforjavapdl\librayforjava\x64\debug\app.res
e:\c++\pdl\librayforjavapdl\librayforjavapdl\librayforjava\x64\debug\librayforjavapdl.tlog\cl.command.1.tlog
e:\c++\pdl\librayforjavapdl\librayforjavapdl\librayforjava\x64\debug\librayforjavapdl.tlog\cl.read.1.tlog
e:\c++\pdl\librayforjavapdl\librayforjavapdl\librayforjava\x64\debug\librayforjavapdl.tlog\cl.write.1.tlog
e:\c++\pdl\librayforjavapdl\librayforjavapdl\librayforjava\x64\debug\librayforjavapdl.tlog\librayforjavapdl.write.1u.tlog
e:\c++\pdl\librayforjavapdl\librayforjavapdl\librayforjava\x64\debug\librayforjavapdl.tlog\link.command.1.tlog
e:\c++\pdl\librayforjavapdl\librayforjavapdl\librayforjava\x64\debug\librayforjavapdl.tlog\link.read.1.tlog
e:\c++\pdl\librayforjavapdl\librayforjavapdl\librayforjava\x64\debug\librayforjavapdl.tlog\link.write.1.tlog
e:\c++\pdl\librayforjavapdl\librayforjavapdl\librayforjava\x64\debug\librayforjavapdl.tlog\metagen.read.1.tlog
e:\c++\pdl\librayforjavapdl\librayforjavapdl\librayforjava\x64\debug\librayforjavapdl.tlog\rc.command.1.tlog
e:\c++\pdl\librayforjavapdl\librayforjavapdl\librayforjava\x64\debug\librayforjavapdl.tlog\rc.read.1.tlog
e:\c++\pdl\librayforjavapdl\librayforjavapdl\librayforjava\x64\debug\librayforjavapdl.tlog\rc.write.1.tlog
e:\c++\pdl\librayforjavapdl\librayforjavapdl\librayforjava\x64\debug\librayforjavapdl.tlog\instrumentdll.dll.metagen
e:\c++\pdl\librayforjavapdl\librayforjavapdl\librayforjava\x64\debug\librayforjavapdl.tlog\stsprocess.dll.metagen
