e:\kai\客户对应\伽蓝致远\伽蓝致远-il-mfc-20211009-ver1.0.0\librayforjava\librayforjava\librayforjava\x64\debug\librayforjava.pch
e:\kai\客户对应\伽蓝致远\伽蓝致远-il-mfc-20211009-ver1.0.0\librayforjava\librayforjava\librayforjava\x64\debug\vc141.pdb
e:\kai\客户对应\伽蓝致远\伽蓝致远-il-mfc-20211009-ver1.0.0\librayforjava\librayforjava\librayforjava\x64\debug\stdafx.obj
e:\kai\客户对应\伽蓝致远\伽蓝致远-il-mfc-20211009-ver1.0.0\librayforjava\librayforjava\librayforjava\x64\debug\librayforjava.obj
e:\kai\客户对应\伽蓝致远\伽蓝致远-il-mfc-20211009-ver1.0.0\librayforjava\librayforjava\librayforjava\x64\debug\assemblyinfo.obj
e:\kai\客户对应\伽蓝致远\伽蓝致远-il-mfc-20211009-ver1.0.0\librayforjava\librayforjava\librayforjava\x64\debug\.netframework,version=v4.5.assemblyattributes.obj
e:\kai\客户对应\伽蓝致远\伽蓝致远-il-mfc-20211009-ver1.0.0\librayforjava\librayforjava\librayforjava\x64\debug\.netframework,version=v4.5.assemblyattributes.asm
e:\kai\客户对应\伽蓝致远\伽蓝致远-il-mfc-20211009-ver1.0.0\librayforjava\librayforjava\x64\debug\stsprocess.dll
e:\kai\客户对应\伽蓝致远\伽蓝致远-il-mfc-20211009-ver1.0.0\librayforjava\librayforjava\x64\debug\stsprocess.pdb
e:\kai\客户对应\伽蓝致远\伽蓝致远-il-mfc-20211009-ver1.0.0\librayforjava\librayforjava\x64\debug\stsprocess.xml
e:\kai\客户对应\伽蓝致远\伽蓝致远-il-mfc-20211009-ver1.0.0\librayforjava\librayforjava\x64\debug\librayforjava.lib
e:\kai\客户对应\伽蓝致远\伽蓝致远-il-mfc-20211009-ver1.0.0\librayforjava\librayforjava\x64\debug\librayforjava.exp
e:\kai\客户对应\伽蓝致远\伽蓝致远-il-mfc-20211009-ver1.0.0\librayforjava\librayforjava\x64\debug\librayforjava.dll
e:\kai\客户对应\伽蓝致远\伽蓝致远-il-mfc-20211009-ver1.0.0\librayforjava\librayforjava\x64\debug\librayforjava.pdb
e:\kai\客户对应\伽蓝致远\伽蓝致远-il-mfc-20211009-ver1.0.0\librayforjava\librayforjava\librayforjava\x64\debug\librayforjava.tlog\metagen.write.1.tlog
e:\kai\客户对应\伽蓝致远\伽蓝致远-il-mfc-20211009-ver1.0.0\librayforjava\librayforjava\librayforjava\x64\debug\app.res
e:\kai\客户对应\伽蓝致远\伽蓝致远-il-mfc-20211009-ver1.0.0\librayforjava\librayforjava\librayforjava\x64\debug\librayforjava.tlog\cl.command.1.tlog
e:\kai\客户对应\伽蓝致远\伽蓝致远-il-mfc-20211009-ver1.0.0\librayforjava\librayforjava\librayforjava\x64\debug\librayforjava.tlog\cl.read.1.tlog
e:\kai\客户对应\伽蓝致远\伽蓝致远-il-mfc-20211009-ver1.0.0\librayforjava\librayforjava\librayforjava\x64\debug\librayforjava.tlog\cl.write.1.tlog
e:\kai\客户对应\伽蓝致远\伽蓝致远-il-mfc-20211009-ver1.0.0\librayforjava\librayforjava\librayforjava\x64\debug\librayforjava.tlog\librayforjava.write.1u.tlog
e:\kai\客户对应\伽蓝致远\伽蓝致远-il-mfc-20211009-ver1.0.0\librayforjava\librayforjava\librayforjava\x64\debug\librayforjava.tlog\link.command.1.tlog
e:\kai\客户对应\伽蓝致远\伽蓝致远-il-mfc-20211009-ver1.0.0\librayforjava\librayforjava\librayforjava\x64\debug\librayforjava.tlog\link.read.1.tlog
e:\kai\客户对应\伽蓝致远\伽蓝致远-il-mfc-20211009-ver1.0.0\librayforjava\librayforjava\librayforjava\x64\debug\librayforjava.tlog\link.write.1.tlog
e:\kai\客户对应\伽蓝致远\伽蓝致远-il-mfc-20211009-ver1.0.0\librayforjava\librayforjava\librayforjava\x64\debug\librayforjava.tlog\metagen.read.1.tlog
e:\kai\客户对应\伽蓝致远\伽蓝致远-il-mfc-20211009-ver1.0.0\librayforjava\librayforjava\librayforjava\x64\debug\librayforjava.tlog\rc.command.1.tlog
e:\kai\客户对应\伽蓝致远\伽蓝致远-il-mfc-20211009-ver1.0.0\librayforjava\librayforjava\librayforjava\x64\debug\librayforjava.tlog\rc.read.1.tlog
e:\kai\客户对应\伽蓝致远\伽蓝致远-il-mfc-20211009-ver1.0.0\librayforjava\librayforjava\librayforjava\x64\debug\librayforjava.tlog\rc.write.1.tlog
e:\kai\客户对应\伽蓝致远\伽蓝致远-il-mfc-20211009-ver1.0.0\librayforjava\librayforjava\librayforjava\x64\debug\librayforjava.tlog\instrumentdll.dll.metagen
e:\kai\客户对应\伽蓝致远\伽蓝致远-il-mfc-20211009-ver1.0.0\librayforjava\librayforjava\librayforjava\x64\debug\librayforjava.tlog\stsprocess.dll.metagen
